[2022-01-18 04:52:54]【enterprises】publish -> publish
[2022-01-18 04:53:40]【enterprises】publish -> publish
[2022-01-18 05:18:37]【events】publish -> publish
[2022-01-18 05:18:38]【events】publish -> publish
[2022-01-18 05:41:26]【enterprises】new -> publish
[2022-01-18 05:53:37]【enterprises】new -> publish
[2022-01-18 05:55:27]【events】new -> publish
[2022-01-18 05:56:03]【events】new -> publish
[2022-01-18 05:56:10]【events】new -> publish
[2022-01-18 05:56:25]【events】publish -> trash
[2022-01-18 05:56:25]【revision】new -> inherit
[2022-01-18 05:56:25]【events】publish -> trash
[2022-01-18 05:56:25]【revision】new -> inherit
[2022-01-18 05:56:25]【events】publish -> trash
[2022-01-18 05:56:25]【revision】new -> inherit
[2022-01-18 05:57:28]【events】new -> publish
[2022-01-18 05:57:53]【events】publish -> publish
[2022-01-18 05:57:53]【revision】new -> inherit
[2022-01-18 05:57:53]【events】publish -> publish
[2022-01-18 05:58:03]【events】publish -> trash
[2022-01-18 05:58:03]【events】trash -> trash
[2022-01-18 05:58:03]【events】trash -> trash
[2022-01-18 05:59:39]【events】new -> publish
[2022-01-18 06:00:13]【events】publish -> publish
[2022-01-18 06:00:13]【revision】new -> inherit
[2022-01-18 06:02:22]【events】publish -> publish
[2022-01-18 06:04:20]【events】publish -> publish
[2022-01-18 06:04:54]【events】publish -> publish
[2022-01-18 06:07:28]【events】publish -> publish
[2022-01-18 06:08:03]【events】publish -> publish
[2022-01-18 06:08:04]【events】publish -> publish
[2022-01-18 06:08:04]【revision】new -> inherit
[2022-01-18 06:09:47]【events】publish -> publish
[2022-01-18 06:10:54]【events】publish -> publish
[2022-01-18 06:12:51]【events】publish -> publish
[2022-01-18 06:13:55]【events】publish -> publish
[2022-01-18 06:14:33]【events】publish -> publish
[2022-01-18 06:15:17]【events】publish -> publish
[2022-01-18 06:15:17]【revision】new -> inherit
[2022-01-18 06:17:20]【events】publish -> publish
[2022-01-18 06:20:02]【events】publish -> publish
[2022-01-18 06:21:50]【events】publish -> publish
[2022-01-18 06:21:50]【revision】new -> inherit
[2022-01-18 06:21:51]【events】publish -> publish
[2022-01-18 06:21:51]【revision】new -> inherit
[2022-01-18 06:22:08]【events】publish -> publish
[2022-01-18 06:25:28]【events】publish -> publish
[2022-01-18 06:26:01]【acf-field-group】publish -> publish
[2022-01-18 06:26:01]【acf-field】publish -> publish
[2022-01-18 06:26:01]【acf-field-group】publish -> publish
[2022-01-18 06:26:47]【events】publish -> publish
[2022-01-18 06:29:42]【events】publish -> trash
[2022-01-18 06:29:42]【events】trash -> trash
[2022-01-18 06:29:43]【events】trash -> trash
[2022-01-18 06:39:12]【events】publish -> trash
[2022-01-18 23:59:15]【customize_changeset】publish -> trash
[2022-01-18 23:59:15]【customize_changeset】new -> publish
[2022-01-19 00:19:03]【enterprises】new -> publish
[2022-01-19 00:25:35]【customize_changeset】publish -> trash
[2022-01-19 00:25:35]【customize_changeset】new -> publish
[2022-01-19 02:08:13]【acf-field-group】publish -> publish
[2022-01-19 02:08:13]【acf-field-group】publish -> publish
[2022-01-19 02:08:54]【acf-field-group】publish -> publish
[2022-01-19 02:08:54]【acf-field】new -> publish
[2022-01-19 02:08:54]【acf-field】new -> publish
[2022-01-19 02:08:54]【acf-field-group】publish -> publish
[2022-01-19 03:01:29]【enterprises】new -> publish
[2022-01-19 03:04:16]【enterprises】publish -> trash
[2022-01-19 03:04:16]【revision】new -> inherit
[2022-01-19 03:06:17]【enterprises】new -> publish
[2022-01-19 03:07:58]【enterprises】publish -> trash
[2022-01-19 03:07:58]【revision】new -> inherit
[2022-01-19 08:59:35]【enterprises】new -> publish
[2022-01-19 09:02:00]【post】new -> auto-draft
[2022-01-20 04:30:44]【events】new -> publish
[2022-01-20 04:46:52]【revision】new -> inherit
[2022-01-20 08:06:01]【enterprises】publish -> private
[2022-01-20 08:06:01]【revision】new -> inherit
[2022-01-20 08:14:54]【enterprises】private -> trash
[2022-01-20 08:56:32]【enterprises】new -> publish
[2022-01-20 09:00:51]【enterprises】publish -> trash
[2022-01-20 09:00:51]【revision】new -> inherit
[2022-01-20 09:02:03]【enterprises】new -> publish
[2022-01-20 09:03:37]【enterprises】publish -> trash
[2022-01-20 09:03:37]【revision】new -> inherit
[2022-01-20 09:08:17]【enterprises】new -> publish
[2022-01-20 09:13:38]【enterprises】publish -> trash
[2022-01-20 09:13:38]【revision】new -> inherit
[2022-01-20 09:13:51]【enterprises】new -> publish
[2022-01-20 09:16:28]【enterprises】publish -> trash
[2022-01-20 09:16:28]【revision】new -> inherit
[2022-01-20 09:16:34]【enterprises】new -> publish
[2022-01-20 09:17:16]【enterprises】publish -> trash
[2022-01-20 09:17:16]【revision】new -> inherit
[2022-01-20 09:17:19]【enterprises】new -> publish
[2022-01-20 09:31:53]【enterprises】publish -> trash
[2022-01-20 09:31:53]【revision】new -> inherit
[2022-01-20 09:32:17]【enterprises】new -> publish
[2022-01-20 09:32:31]【enterprises】publish -> trash
[2022-01-20 09:32:31]【revision】new -> inherit
[2022-01-20 09:32:40]【enterprises】new -> publish
[2022-01-20 09:34:33]【enterprises】new -> publish
[2022-01-20 09:35:19]【enterprises】new -> publish
[2022-01-20 09:35:24]【enterprises】publish -> trash
[2022-01-20 09:35:24]【revision】new -> inherit
[2022-01-20 09:35:26]【enterprises】publish -> trash
[2022-01-20 09:35:26]【revision】new -> inherit
[2022-01-20 09:37:43]【enterprises】new -> publish
[2022-01-20 09:38:09]【enterprises】publish -> trash
[2022-01-20 09:38:09]【revision】new -> inherit
[2022-01-20 09:38:48]【enterprises】publish -> publish
[2022-01-20 09:38:48]【revision】new -> inherit
[2022-01-20 09:38:58]【enterprises】publish -> publish
[2022-01-20 09:39:05]【enterprises】publish -> publish
[2022-01-20 09:39:16]【enterprises】publish -> trash
[2022-01-21 00:44:10]【enterprises】new -> publish
[2022-01-21 00:51:55]【enterprises】publish -> publish
[2022-01-21 00:51:55]【revision】new -> inherit
[2022-01-21 00:52:48]【enterprises】publish -> publish
[2022-01-21 01:00:04]【enterprises】publish -> publish
[2022-01-21 01:01:27]【enterprises】publish -> publish
[2022-01-21 01:01:36]【enterprises】publish -> publish
[2022-01-21 01:01:49]【enterprises】publish -> publish
[2022-01-21 01:05:15]【enterprises】publish -> publish
[2022-01-21 01:07:20]【enterprises】publish -> publish
[2022-01-21 01:11:48]【enterprises】new -> publish
[2022-01-21 01:13:11]【enterprises】publish -> publish
[2022-01-21 01:13:11]【revision】new -> inherit
[2022-01-21 01:13:57]【enterprises】publish -> publish
[2022-01-21 01:15:03]【enterprises】publish -> publish
[2022-01-21 01:19:14]【enterprises】publish -> publish
[2022-01-21 01:19:37]【enterprises】publish -> publish
[2022-01-21 01:20:35]【enterprises】publish -> trash
[2022-01-21 01:20:54]【enterprises】new -> publish
[2022-01-21 01:21:57]【enterprises】publish -> publish
[2022-01-21 01:21:57]【revision】new -> inherit
[2022-01-21 01:23:53]【enterprises】publish -> publish
[2022-01-21 01:24:50]【enterprises】publish -> publish
[2022-01-21 01:25:22]【enterprises】publish -> publish
[2022-01-21 01:25:33]【enterprises】publish -> publish
[2022-01-21 01:27:45]【enterprises】publish -> publish
[2022-01-21 01:28:41]【enterprises】publish -> publish
[2022-01-21 01:29:40]【enterprises】publish -> publish
[2022-01-21 01:30:17]【enterprises】publish -> publish
[2022-01-21 01:37:12]【enterprises】publish -> publish
[2022-01-21 01:41:11]【enterprises】publish -> publish
[2022-01-21 01:42:05]【enterprises】publish -> publish
[2022-01-21 01:46:08]【enterprises】publish -> publish
[2022-01-21 01:47:15]【enterprises】publish -> publish
[2022-01-21 01:49:01]【enterprises】publish -> publish
[2022-01-21 01:50:29]【enterprises】publish -> publish
[2022-01-21 01:51:27]【enterprises】publish -> publish
[2022-01-21 01:52:42]【enterprises】publish -> publish
[2022-01-21 01:53:12]【enterprises】publish -> publish
[2022-01-21 01:53:52]【enterprises】publish -> publish
[2022-01-21 01:55:14]【enterprises】publish -> publish
[2022-01-21 01:55:14]【revision】new -> inherit
[2022-01-21 01:57:00]【enterprises】publish -> publish
[2022-01-21 01:58:20]【enterprises】publish -> publish
[2022-01-21 01:58:27]【enterprises】publish -> publish
[2022-01-21 02:00:49]【enterprises】publish -> publish
[2022-01-21 02:00:49]【revision】new -> inherit
[2022-01-21 02:01:28]【enterprises】publish -> publish
[2022-01-21 02:01:28]【revision】new -> inherit
[2022-01-21 02:43:54]【enterprises】publish -> publish
[2022-01-21 02:43:54]【revision】new -> inherit
[2022-01-21 02:46:28]【enterprises】publish -> publish
[2022-01-21 02:50:01]【enterprises】publish -> publish
[2022-01-21 02:50:30]【enterprises】publish -> publish
[2022-01-21 02:52:26]【enterprises】publish -> publish
[2022-01-21 02:53:55]【enterprises】publish -> publish
[2022-01-21 02:53:55]【revision】new -> inherit
[2022-01-21 03:00:33]【enterprises】publish -> publish
[2022-01-21 03:00:33]【revision】new -> inherit
[2022-01-21 03:00:56]【enterprises】publish -> publish
[2022-01-21 03:01:07]【enterprises】publish -> publish
[2022-01-21 04:10:13]【enterprises】publish -> publish
[2022-01-21 04:10:13]【revision】new -> inherit
[2022-01-21 06:11:57]【enterprises】publish -> publish
[2022-01-21 06:11:57]【revision】new -> inherit
[2022-01-21 06:12:21]【enterprises】publish -> publish
[2022-01-21 06:13:21]【enterprises】publish -> publish
[2022-01-21 06:13:57]【enterprises】publish -> publish
[2022-01-21 06:42:01]【enterprises】publish -> publish
[2022-01-21 06:44:57]【enterprises】publish -> publish
[2022-01-21 06:47:11]【enterprises】publish -> publish
[2022-01-22 07:12:01]【enterprises】publish -> publish
[2022-01-22 07:12:01]【revision】new -> inherit
[2022-01-22 07:12:31]【enterprises】publish -> publish
[2022-01-22 07:13:31]【enterprises】publish -> publish
[2022-01-22 07:14:48]【enterprises】publish -> publish
[2022-01-22 07:15:36]【enterprises】publish -> publish
[2022-01-22 07:16:46]【enterprises】publish -> publish
[2022-01-22 07:21:31]【enterprises】publish -> publish
[2022-01-22 07:22:43]【enterprises】publish -> publish
[2022-01-22 07:35:29]【enterprises】publish -> publish
[2022-01-22 07:44:37]【enterprises】publish -> publish
[2022-01-22 07:46:08]【enterprises】publish -> publish
[2022-01-23 03:02:29]【events】new -> publish
[2022-01-23 03:19:29]【events】publish -> publish
[2022-01-23 03:19:29]【revision】new -> inherit
[2022-01-23 03:25:18]【events】publish -> publish
[2022-01-24 00:55:32]【enterprises】publish -> publish
[2022-01-24 01:16:41]【enterprises】publish -> publish
[2022-01-24 01:17:40]【enterprises】publish -> publish
[2022-01-24 01:26:28]【enterprises】publish -> publish
[2022-01-24 01:56:33]【enterprises】new -> publish
[2022-01-24 02:03:57]【enterprises】publish -> publish
[2022-01-24 02:03:57]【revision】new -> inherit
[2022-01-24 02:04:22]【enterprises】publish -> publish
[2022-01-24 02:08:36]【enterprises】publish -> publish
[2022-01-24 02:27:30]【enterprises】publish -> publish
[2022-01-24 02:28:33]【enterprises】publish -> publish
[2022-01-24 02:29:01]【enterprises】publish -> publish
[2022-01-24 02:30:48]【enterprises】publish -> publish
[2022-01-24 02:31:04]【enterprises】publish -> publish
[2022-01-24 02:32:32]【enterprises】publish -> publish
[2022-01-24 02:32:32]【enterprises】publish -> publish
[2022-01-24 02:32:50]【enterprises】publish -> publish
[2022-01-24 02:33:00]【enterprises】publish -> publish
[2022-01-24 02:34:00]【enterprises】publish -> publish
[2022-01-24 02:34:07]【enterprises】publish -> publish
[2022-01-24 02:34:16]【enterprises】publish -> publish
[2022-01-24 02:38:08]【enterprises】publish -> publish
[2022-01-24 02:39:30]【enterprises】publish -> publish
[2022-01-24 02:41:41]【enterprises】publish -> publish
[2022-01-24 02:42:58]【enterprises】publish -> publish
[2022-01-24 02:44:20]【enterprises】publish -> publish
[2022-01-24 02:47:29]【enterprises】publish -> publish
[2022-01-24 02:47:35]【enterprises】publish -> publish
[2022-01-24 02:54:21]【enterprises】publish -> publish
[2022-01-24 02:58:03]【enterprises】publish -> publish
[2022-01-24 02:58:16]【enterprises】publish -> publish
[2022-01-24 06:31:08]【enterprises】publish -> trash
[2022-01-24 06:31:34]【enterprises】publish -> trash
[2022-01-25 01:40:32]【enterprises】publish -> publish
[2022-01-25 01:51:48]【enterprises】publish -> publish
[2022-01-25 01:52:41]【enterprises】publish -> publish
[2022-01-25 01:53:44]【enterprises】publish -> publish
[2022-01-25 01:55:02]【enterprises】publish -> publish
[2022-01-25 01:55:02]【revision】new -> inherit
[2022-01-25 02:01:10]【enterprises】publish -> publish
[2022-01-25 02:01:10]【revision】new -> inherit
[2022-01-25 02:01:27]【enterprises】publish -> publish
[2022-01-25 02:02:47]【enterprises】publish -> publish
[2022-01-25 02:03:55]【enterprises】publish -> publish
[2022-01-25 02:05:53]【enterprises】publish -> publish
[2022-01-25 02:05:53]【revision】new -> inherit
[2022-01-25 02:08:24]【enterprises】publish -> publish
[2022-01-25 02:08:24]【revision】new -> inherit
[2022-01-25 02:13:19]【enterprises】publish -> publish
[2022-01-25 02:13:19]【revision】new -> inherit
[2022-01-25 04:08:02]【enterprises】publish -> publish
[2022-01-25 04:08:02]【revision】new -> inherit
[2022-01-25 04:08:25]【enterprises】publish -> publish
[2022-01-25 04:08:25]【revision】new -> inherit
[2022-01-25 04:09:00]【enterprises】publish -> publish
[2022-01-25 04:09:00]【revision】new -> inherit
[2022-01-25 04:10:54]【enterprises】publish -> publish
[2022-01-25 04:10:54]【revision】new -> inherit
[2022-01-25 04:12:18]【enterprises】publish -> publish
[2022-01-25 04:12:18]【revision】new -> inherit
[2022-01-25 04:12:49]【enterprises】publish -> publish
[2022-01-25 04:12:49]【revision】new -> inherit
[2022-01-25 04:13:17]【enterprises】publish -> publish
[2022-01-25 04:13:17]【revision】new -> inherit
[2022-01-25 04:13:49]【enterprises】publish -> publish
[2022-01-25 04:13:49]【revision】new -> inherit
[2022-01-25 04:14:03]【enterprises】publish -> publish
[2022-01-25 04:14:03]【revision】new -> inherit
[2022-01-25 04:15:25]【enterprises】publish -> publish
[2022-01-25 04:15:25]【revision】new -> inherit
[2022-01-25 04:16:09]【enterprises】publish -> publish
[2022-01-25 04:16:09]【revision】new -> inherit
[2022-01-25 04:16:34]【enterprises】publish -> publish
[2022-01-25 04:16:34]【revision】new -> inherit
[2022-01-25 04:17:56]【enterprises】publish -> publish
[2022-01-25 04:17:56]【revision】new -> inherit
[2022-01-25 04:19:22]【enterprises】publish -> publish
[2022-01-25 04:20:14]【enterprises】publish -> publish
[2022-01-25 04:20:14]【revision】new -> inherit
[2022-01-25 04:20:58]【enterprises】publish -> publish
[2022-01-25 04:20:58]【revision】new -> inherit
[2022-01-25 04:21:57]【enterprises】publish -> publish
[2022-01-25 04:21:57]【revision】new -> inherit
[2022-01-25 04:23:24]【enterprises】publish -> publish
[2022-01-25 04:23:24]【revision】new -> inherit
[2022-01-25 04:27:21]【enterprises】publish -> publish
[2022-01-25 04:27:21]【revision】new -> inherit
[2022-01-25 04:27:49]【enterprises】publish -> publish
[2022-01-25 04:27:49]【revision】new -> inherit
[2022-01-25 04:28:23]【enterprises】publish -> publish
[2022-01-25 04:28:23]【revision】new -> inherit
[2022-01-25 04:31:13]【enterprises】publish -> publish
[2022-01-25 04:31:13]【revision】new -> inherit
[2022-01-25 04:33:54]【enterprises】publish -> publish
[2022-01-25 04:33:54]【revision】new -> inherit
[2022-01-25 04:34:33]【enterprises】publish -> publish
[2022-01-25 04:34:33]【revision】new -> inherit
[2022-01-25 04:35:08]【enterprises】publish -> publish
[2022-01-25 04:35:08]【revision】new -> inherit
[2022-01-25 04:40:36]【enterprises】publish -> publish
[2022-01-25 05:03:46]【enterprises】publish -> publish
[2022-01-25 05:03:46]【revision】new -> inherit
[2022-01-25 06:54:25]【enterprises】publish -> publish
[2022-01-25 06:58:32]【enterprises】publish -> publish
[2022-01-25 06:59:30]【enterprises】publish -> publish
[2022-01-25 07:02:13]【enterprises】publish -> publish
[2022-01-25 07:04:01]【enterprises】publish -> publish
[2022-01-25 07:06:13]【enterprises】publish -> publish
[2022-01-25 07:09:10]【enterprises】publish -> publish
[2022-01-25 07:11:47]【enterprises】publish -> publish
[2022-01-25 07:11:56]【enterprises】publish -> publish
[2022-01-25 07:18:23]【enterprises】publish -> publish
[2022-01-25 07:21:11]【enterprises】publish -> publish
[2022-01-25 07:22:46]【enterprises】publish -> publish
[2022-01-25 07:23:50]【enterprises】publish -> publish
[2022-01-25 07:24:56]【enterprises】publish -> publish
[2022-01-25 07:26:02]【enterprises】publish -> publish
[2022-01-25 07:26:45]【enterprises】publish -> publish
[2022-01-25 07:27:56]【enterprises】publish -> publish
[2022-01-25 09:05:37]【enterprises】publish -> publish
[2022-01-26 00:56:04]【job_offers】new -> auto-draft
[2022-01-26 01:07:48]【job_offers】new -> auto-draft
[2022-01-26 01:07:53]【job_offers】new -> auto-draft
[2022-01-26 01:46:40]【acf-field-group】publish -> publish
[2022-01-26 01:46:40]【acf-field】new -> publish
[2022-01-26 01:46:40]【acf-field】publish -> publish
[2022-01-26 01:46:40]【acf-field】new -> publish
[2022-01-26 01:46:40]【acf-field】new -> publish
[2022-01-26 01:46:40]【acf-field】new -> publish
[2022-01-26 01:46:40]【acf-field】new -> publish
[2022-01-26 01:46:40]【acf-field】new -> publish
[2022-01-26 01:46:40]【acf-field】new -> publish
[2022-01-26 01:46:40]【acf-field】new -> publish
[2022-01-26 01:46:40]【acf-field】new -> publish
[2022-01-26 01:46:40]【acf-field】publish -> publish
[2022-01-26 01:46:40]【acf-field】publish -> publish
[2022-01-26 01:46:40]【acf-field】publish -> publish
[2022-01-26 01:46:40]【acf-field】publish -> publish
[2022-01-26 01:46:40]【acf-field】publish -> publish
[2022-01-26 01:46:40]【acf-field】new -> publish
[2022-01-26 01:46:40]【acf-field】publish -> publish
[2022-01-26 01:46:40]【acf-field】publish -> publish
[2022-01-26 01:46:40]【acf-field】publish -> publish
[2022-01-26 01:46:40]【acf-field】publish -> publish
[2022-01-26 01:46:40]【acf-field】new -> publish
[2022-01-26 01:46:40]【acf-field】new -> publish
[2022-01-26 01:46:40]【acf-field】publish -> publish
[2022-01-26 01:46:40]【acf-field】publish -> publish
[2022-01-26 01:46:40]【acf-field】publish -> publish
[2022-01-26 01:46:40]【acf-field】new -> publish
[2022-01-26 01:46:40]【acf-field】new -> publish
[2022-01-26 01:46:40]【acf-field】publish -> publish
[2022-01-26 01:46:40]【acf-field】new -> publish
[2022-01-26 01:46:40]【acf-field】publish -> publish
[2022-01-26 01:46:40]【acf-field】new -> publish
[2022-01-26 01:46:40]【acf-field】publish -> publish
[2022-01-26 01:46:40]【acf-field】new -> publish
[2022-01-26 01:46:40]【acf-field】new -> publish
[2022-01-26 01:46:40]【acf-field】new -> publish
[2022-01-26 01:46:40]【acf-field】publish -> publish
[2022-01-26 01:46:40]【acf-field】new -> publish
[2022-01-26 01:46:40]【acf-field】new -> publish
[2022-01-26 01:46:40]【acf-field】new -> publish
[2022-01-26 01:46:40]【acf-field-group】publish -> publish
[2022-01-26 01:46:45]【job_offers】new -> auto-draft
[2022-01-26 01:47:41]【acf-field-group】publish -> publish
[2022-01-26 01:47:41]【acf-field】publish -> publish
[2022-01-26 01:47:41]【acf-field】publish -> publish
[2022-01-26 01:47:41]【acf-field】publish -> publish
[2022-01-26 01:47:41]【acf-field】publish -> publish
[2022-01-26 01:47:41]【acf-field】publish -> publish
[2022-01-26 01:47:41]【acf-field】publish -> publish
[2022-01-26 01:47:41]【acf-field-group】publish -> publish
[2022-01-26 01:47:43]【job_offers】new -> auto-draft
[2022-01-26 01:48:31]【job_offers】new -> auto-draft
[2022-01-26 01:48:38]【acf-field-group】publish -> publish
[2022-01-26 01:48:38]【acf-field】publish -> publish
[2022-01-26 01:48:38]【acf-field-group】publish -> publish
[2022-01-26 03:56:50]【enterprises】publish -> publish
[2022-01-26 03:56:50]【revision】new -> inherit
[2022-01-26 03:57:44]【post】new -> auto-draft
[2022-01-26 04:02:08]【enterprises】publish -> trash
[2022-01-26 04:03:51]【enterprises】publish -> publish
